C:\VISUALSTUDIO2010PROGS_VCPP\18F4550USBDEMOBOARD_VCPP_VER_3\18F4550USBDEMOBOARD_VCPP\DEBUG\.NETFRAMEWORK,VERSION=V4.0.ASSEMBLYATTRIBUTES.OBJ
C:\VISUALSTUDIO2010PROGS_VCPP\18F4550USBDEMOBOARD_VCPP_VER_3\18F4550USBDEMOBOARD_VCPP\DEBUG\18F4550USBDEMOBOARD_VCPP.EXE.INTERMEDIATE.MANIFEST
C:\VISUALSTUDIO2010PROGS_VCPP\18F4550USBDEMOBOARD_VCPP_VER_3\18F4550USBDEMOBOARD_VCPP\DEBUG\18F4550USBDEMOBOARD_VCPP.OBJ
C:\VISUALSTUDIO2010PROGS_VCPP\18F4550USBDEMOBOARD_VCPP_VER_3\18F4550USBDEMOBOARD_VCPP\DEBUG\18F4550USBDEMOBOARD_VCPP.PCH
C:\VisualStudio2010Progs_VCPP\18F4550USBDemoBoard_VCPP_Ver_3\18F4550USBDemoBoard_VCPP\Debug\18F4550USBDemoBoard_VCPP.write.1.tlog
C:\VISUALSTUDIO2010PROGS_VCPP\18F4550USBDEMOBOARD_VCPP_VER_3\18F4550USBDEMOBOARD_VCPP\DEBUG\APP.RES
C:\VISUALSTUDIO2010PROGS_VCPP\18F4550USBDEMOBOARD_VCPP_VER_3\18F4550USBDEMOBOARD_VCPP\DEBUG\ASSEMBLYINFO.OBJ
C:\VisualStudio2010Progs_VCPP\18F4550USBDemoBoard_VCPP_Ver_3\18F4550USBDemoBoard_VCPP\Debug\cl.command.1.tlog
C:\VisualStudio2010Progs_VCPP\18F4550USBDemoBoard_VCPP_Ver_3\18F4550USBDemoBoard_VCPP\Debug\CL.read.1.tlog
C:\VisualStudio2010Progs_VCPP\18F4550USBDemoBoard_VCPP_Ver_3\18F4550USBDemoBoard_VCPP\Debug\CL.write.1.tlog
C:\VisualStudio2010Progs_VCPP\18F4550USBDemoBoard_VCPP_Ver_3\18F4550USBDemoBoard_VCPP\Debug\GenerateResource.read.1.tlog
C:\VisualStudio2010Progs_VCPP\18F4550USBDemoBoard_VCPP_Ver_3\18F4550USBDemoBoard_VCPP\Debug\GenerateResource.write.1.tlog
C:\VisualStudio2010Progs_VCPP\18F4550USBDemoBoard_VCPP_Ver_3\18F4550USBDemoBoard_VCPP\Debug\link.4720.read.1.tlog
C:\VisualStudio2010Progs_VCPP\18F4550USBDemoBoard_VCPP_Ver_3\18F4550USBDemoBoard_VCPP\Debug\link.4720.write.1.tlog
C:\VisualStudio2010Progs_VCPP\18F4550USBDemoBoard_VCPP_Ver_3\18F4550USBDemoBoard_VCPP\Debug\link.4720-cvtres.read.1.tlog
C:\VisualStudio2010Progs_VCPP\18F4550USBDemoBoard_VCPP_Ver_3\18F4550USBDemoBoard_VCPP\Debug\link.4720-cvtres.write.1.tlog
C:\VisualStudio2010Progs_VCPP\18F4550USBDemoBoard_VCPP_Ver_3\18F4550USBDemoBoard_VCPP\Debug\link.command.1.tlog
C:\VisualStudio2010Progs_VCPP\18F4550USBDemoBoard_VCPP_Ver_3\18F4550USBDemoBoard_VCPP\Debug\link.read.1.tlog
C:\VisualStudio2010Progs_VCPP\18F4550USBDemoBoard_VCPP_Ver_3\18F4550USBDemoBoard_VCPP\Debug\link.write.1.tlog
C:\VisualStudio2010Progs_VCPP\18F4550USBDemoBoard_VCPP_Ver_3\18F4550USBDemoBoard_VCPP\Debug\mt.command.1.tlog
C:\VisualStudio2010Progs_VCPP\18F4550USBDemoBoard_VCPP_Ver_3\18F4550USBDemoBoard_VCPP\Debug\mt.read.1.tlog
C:\VisualStudio2010Progs_VCPP\18F4550USBDemoBoard_VCPP_Ver_3\18F4550USBDemoBoard_VCPP\Debug\mt.write.1.tlog
C:\VISUALSTUDIO2010PROGS_VCPP\18F4550USBDEMOBOARD_VCPP_VER_3\18F4550USBDEMOBOARD_VCPP\DEBUG\MY18F4550USBDEMOBOARD_VCPP.FORM1.RESOURCES
C:\VisualStudio2010Progs_VCPP\18F4550USBDemoBoard_VCPP_Ver_3\18F4550USBDemoBoard_VCPP\Debug\rc.command.1.tlog
C:\VisualStudio2010Progs_VCPP\18F4550USBDemoBoard_VCPP_Ver_3\18F4550USBDemoBoard_VCPP\Debug\rc.read.1.tlog
C:\VisualStudio2010Progs_VCPP\18F4550USBDemoBoard_VCPP_Ver_3\18F4550USBDemoBoard_VCPP\Debug\rc.write.1.tlog
C:\VISUALSTUDIO2010PROGS_VCPP\18F4550USBDEMOBOARD_VCPP_VER_3\18F4550USBDEMOBOARD_VCPP\DEBUG\STDAFX.OBJ
C:\VISUALSTUDIO2010PROGS_VCPP\18F4550USBDEMOBOARD_VCPP_VER_3\18F4550USBDEMOBOARD_VCPP\DEBUG\VC100.PDB
C:\VISUALSTUDIO2010PROGS_VCPP\18F4550USBDEMOBOARD_VCPP_VER_3\DEBUG\18F4550USBDEMOBOARD_VCPP.EXE
C:\VISUALSTUDIO2010PROGS_VCPP\18F4550USBDEMOBOARD_VCPP_VER_3\DEBUG\18F4550USBDEMOBOARD_VCPP.ILK
C:\VISUALSTUDIO2010PROGS_VCPP\18F4550USBDEMOBOARD_VCPP_VER_3\DEBUG\18F4550USBDEMOBOARD_VCPP.PDB
